[2020-03-02T14:22:25.214055+01:00] name.WARNING: Foo [] []
[2020-03-02T14:22:25.214554+01:00] name.ERROR: Bar [] []
[2020-03-02T14:26:48.526298+01:00] name.WARNING: Foo [] []
[2020-03-02T14:26:48.526638+01:00] name.ERROR: Bar [] []
[2020-03-02T14:29:18.379851+01:00] name.WARNING: Foo [] []
[2020-03-02T14:29:18.380182+01:00] name.ERROR: Bar [] []
[2020-03-02T14:30:47.826390+01:00] name.WARNING: Foo [] []
[2020-03-02T14:30:47.827000+01:00] name.ERROR: Bar [] []
[2020-03-02T14:45:24.806330+01:00] name.WARNING: Foo [] []
[2020-03-02T14:45:24.806776+01:00] name.ERROR: Bar [] []
[2020-03-02T14:45:28.792632+01:00] name.WARNING: Foo [] []
[2020-03-02T14:45:28.792952+01:00] name.ERROR: Bar [] []
[2020-03-02T14:46:40.255100+01:00] name.WARNING: Foo [] []
[2020-03-02T14:46:40.255568+01:00] name.ERROR: Bar [] []
[2020-03-02T14:46:44.555330+01:00] name.WARNING: Foo [] []
[2020-03-02T14:46:44.555612+01:00] name.ERROR: Bar [] []
[2020-03-02T14:51:11.749749+01:00] name.WARNING: Foo [] []
[2020-03-02T14:51:11.750432+01:00] name.ERROR: Bar [] []
[2020-03-02T14:51:15.579791+01:00] name.WARNING: Foo [] []
[2020-03-02T14:51:15.580374+01:00] name.ERROR: Bar [] []
[2020-03-02T14:59:51.482428+01:00] name.WARNING:  [] []
[2020-03-02T14:59:51.483107+01:00] name.ERROR: Bar [] []
[2020-03-02T15:00:09.911630+01:00] name.WARNING: aa [] []
[2020-03-02T15:00:09.912343+01:00] name.ERROR: Bar [] []
[2020-03-02T15:00:43.682629+01:00] name.WARNING: jgyiftufyu [] []
[2020-03-02T15:00:43.683140+01:00] name.ERROR: Bar [] []
[2020-03-02T15:03:55.329682+01:00] name.WARNING: jgyiftufyu [] []
[2020-03-02T15:03:55.330367+01:00] name.ERROR: Bar [] []
[2020-03-02T15:15:01.067299+01:00] name.WARNING:  [] []
[2020-03-02T15:15:01.068048+01:00] name.ERROR: Bar [] []
[2020-03-02T15:15:05.748042+01:00] name.WARNING: dfvfv [] []
[2020-03-02T15:15:05.748595+01:00] name.ERROR: Bar [] []
